<?xml version="1.0" encoding="UTF-8"?>
<testng-results ignored="0" total="1" passed="1" failed="0" skipped="0">
  <reporter-output>
  </reporter-output>
  <suite started-at="2022-05-16T12:19:05 AEST" name="Suite" finished-at="2022-05-16T12:19:14 AEST" duration-ms="8359">
    <groups>
    </groups>
    <test started-at="2022-05-16T12:19:05 AEST" name="Test" finished-at="2022-05-16T12:19:14 AEST" duration-ms="8359">
      <class name="KYRACLINIC.LoginPage">
        <test-method signature="homePageNavigation()[pri:0, instance:KYRACLINIC.LoginPage@78e4deb0]" started-at="2022-05-16T12:19:05 AEST" name="homePageNavigation" finished-at="2022-05-16T12:19:13 AEST" duration-ms="8048" status="PASS">
          <reporter-output>
          </reporter-output>
        </test-method> <!-- homePageNavigation -->
        <test-method is-config="true" signature="closeBrower()[pri:0, instance:KYRACLINIC.LoginPage@78e4deb0]" started-at="2022-05-16T12:19:13 AEST" name="closeBrower" finished-at="2022-05-16T12:19:14 AEST" duration-ms="277" status="PASS">
          <reporter-output>
          </reporter-output>
        </test-method> <!-- closeBrower -->
      </class> <!-- KYRACLINIC.LoginPage -->
    </test> <!-- Test -->
  </suite> <!-- Suite -->
</testng-results>
